[2022-10-18T12:55:39.502+0000] {taskinstance.py:1165} INFO - Dependencies all met for <TaskInstance: workflowscheduler.retrieveExperimentToExecute manual__2022-10-18T12:55:30.819643+00:00 [queued]>
[2022-10-18T12:55:39.552+0000] {taskinstance.py:1165} INFO - Dependencies all met for <TaskInstance: workflowscheduler.retrieveExperimentToExecute manual__2022-10-18T12:55:30.819643+00:00 [queued]>
[2022-10-18T12:55:39.552+0000] {taskinstance.py:1362} INFO - 
--------------------------------------------------------------------------------
[2022-10-18T12:55:39.552+0000] {taskinstance.py:1363} INFO - Starting attempt 1 of 1
[2022-10-18T12:55:39.553+0000] {taskinstance.py:1364} INFO - 
--------------------------------------------------------------------------------
[2022-10-18T12:55:39.608+0000] {taskinstance.py:1383} INFO - Executing <Task(PythonOperator): retrieveExperimentToExecute> on 2022-10-18 12:55:30.819643+00:00
[2022-10-18T12:55:39.614+0000] {standard_task_runner.py:54} INFO - Started process 17282 to run task
[2022-10-18T12:55:39.630+0000] {standard_task_runner.py:82} INFO - Running: ['airflow', 'tasks', 'run', 'workflowscheduler', 'retrieveExperimentToExecute', 'manual__2022-10-18T12:55:30.819643+00:00', '--job-id', '128', '--raw', '--subdir', 'DAGS_FOLDER/workflowscheduler.py', '--cfg-path', '/tmp/tmpqf65iv74']
[2022-10-18T12:55:39.643+0000] {standard_task_runner.py:83} INFO - Job 128: Subtask retrieveExperimentToExecute
[2022-10-18T12:55:39.644+0000] {dagbag.py:525} INFO - Filling up the DagBag from /home/centos/airflow/dags/workflowscheduler.py
[2022-10-18T12:55:41.249+0000] {taskmixin.py:205} WARNING - Dependency <Task(BashOperator): create_entry_group>, delete_entry_group already registered for DAG: example_complex
[2022-10-18T12:55:41.250+0000] {taskmixin.py:205} WARNING - Dependency <Task(BashOperator): delete_entry_group>, create_entry_group already registered for DAG: example_complex
[2022-10-18T12:55:41.250+0000] {taskmixin.py:205} WARNING - Dependency <Task(BashOperator): create_entry_gcs>, delete_entry already registered for DAG: example_complex
[2022-10-18T12:55:41.250+0000] {taskmixin.py:205} WARNING - Dependency <Task(BashOperator): delete_entry>, create_entry_gcs already registered for DAG: example_complex
[2022-10-18T12:55:41.250+0000] {taskmixin.py:205} WARNING - Dependency <Task(BashOperator): create_tag>, delete_tag already registered for DAG: example_complex
[2022-10-18T12:55:41.250+0000] {taskmixin.py:205} WARNING - Dependency <Task(BashOperator): delete_tag>, create_tag already registered for DAG: example_complex
[2022-10-18T12:55:41.253+0000] {taskmixin.py:205} WARNING - Dependency <Task(GetRequestOperator): get_ip>, prepare_email already registered for DAG: example_dag_decorator
[2022-10-18T12:55:41.253+0000] {taskmixin.py:205} WARNING - Dependency <Task(_PythonDecoratedOperator): prepare_email>, get_ip already registered for DAG: example_dag_decorator
[2022-10-18T12:55:41.253+0000] {taskmixin.py:205} WARNING - Dependency <Task(GetRequestOperator): get_ip>, prepare_email already registered for DAG: example_dag_decorator
[2022-10-18T12:55:41.254+0000] {taskmixin.py:205} WARNING - Dependency <Task(_PythonDecoratedOperator): prepare_email>, get_ip already registered for DAG: example_dag_decorator
[2022-10-18T12:55:41.254+0000] {taskmixin.py:205} WARNING - Dependency <Task(GetRequestOperator): get_ip>, prepare_email already registered for DAG: example_dag_decorator
[2022-10-18T12:55:41.254+0000] {taskmixin.py:205} WARNING - Dependency <Task(_PythonDecoratedOperator): prepare_email>, get_ip already registered for DAG: example_dag_decorator
[2022-10-18T12:55:41.254+0000] {taskmixin.py:205} WARNING - Dependency <Task(GetRequestOperator): get_ip>, prepare_email already registered for DAG: example_dag_decorator
[2022-10-18T12:55:41.254+0000] {taskmixin.py:205} WARNING - Dependency <Task(_PythonDecoratedOperator): prepare_email>, get_ip already registered for DAG: example_dag_decorator
[2022-10-18T12:55:41.254+0000] {taskmixin.py:205} WARNING - Dependency <Task(GetRequestOperator): get_ip>, prepare_email already registered for DAG: example_dag_decorator
[2022-10-18T12:55:41.254+0000] {taskmixin.py:205} WARNING - Dependency <Task(_PythonDecoratedOperator): prepare_email>, get_ip already registered for DAG: example_dag_decorator
[2022-10-18T12:55:41.254+0000] {taskmixin.py:205} WARNING - Dependency <Task(GetRequestOperator): get_ip>, prepare_email already registered for DAG: example_dag_decorator
[2022-10-18T12:55:41.254+0000] {taskmixin.py:205} WARNING - Dependency <Task(_PythonDecoratedOperator): prepare_email>, get_ip already registered for DAG: example_dag_decorator
[2022-10-18T12:55:41.255+0000] {taskmixin.py:205} WARNING - Dependency <Task(_PythonDecoratedOperator): prepare_email>, send_email already registered for DAG: example_dag_decorator
[2022-10-18T12:55:41.255+0000] {taskmixin.py:205} WARNING - Dependency <Task(EmailOperator): send_email>, prepare_email already registered for DAG: example_dag_decorator
[2022-10-18T12:55:41.255+0000] {taskmixin.py:205} WARNING - Dependency <Task(_PythonDecoratedOperator): prepare_email>, send_email already registered for DAG: example_dag_decorator
[2022-10-18T12:55:41.255+0000] {taskmixin.py:205} WARNING - Dependency <Task(EmailOperator): send_email>, prepare_email already registered for DAG: example_dag_decorator
[2022-10-18T12:55:41.255+0000] {taskmixin.py:205} WARNING - Dependency <Task(_PythonDecoratedOperator): prepare_email>, send_email already registered for DAG: example_dag_decorator
[2022-10-18T12:55:41.255+0000] {taskmixin.py:205} WARNING - Dependency <Task(EmailOperator): send_email>, prepare_email already registered for DAG: example_dag_decorator
[2022-10-18T12:55:41.255+0000] {taskmixin.py:205} WARNING - Dependency <Task(_PythonDecoratedOperator): prepare_email>, send_email already registered for DAG: example_dag_decorator
[2022-10-18T12:55:41.255+0000] {taskmixin.py:205} WARNING - Dependency <Task(EmailOperator): send_email>, prepare_email already registered for DAG: example_dag_decorator
[2022-10-18T12:55:41.256+0000] {taskmixin.py:205} WARNING - Dependency <Task(_PythonDecoratedOperator): prepare_email>, send_email already registered for DAG: example_dag_decorator
[2022-10-18T12:55:41.256+0000] {taskmixin.py:205} WARNING - Dependency <Task(EmailOperator): send_email>, prepare_email already registered for DAG: example_dag_decorator
[2022-10-18T12:55:41.256+0000] {taskmixin.py:205} WARNING - Dependency <Task(_PythonDecoratedOperator): prepare_email>, send_email already registered for DAG: example_dag_decorator
[2022-10-18T12:55:41.256+0000] {taskmixin.py:205} WARNING - Dependency <Task(EmailOperator): send_email>, prepare_email already registered for DAG: example_dag_decorator
[2022-10-18T12:55:41.289+0000] {taskmixin.py:205} WARNING - Dependency <Task(_PythonDecoratedOperator): print_the_context>, log_sql_query already registered for DAG: example_python_operator
[2022-10-18T12:55:41.289+0000] {taskmixin.py:205} WARNING - Dependency <Task(_PythonDecoratedOperator): log_sql_query>, print_the_context already registered for DAG: example_python_operator
[2022-10-18T12:55:41.290+0000] {taskmixin.py:205} WARNING - Dependency <Task(_PythonDecoratedOperator): print_the_context>, log_sql_query already registered for DAG: example_python_operator
[2022-10-18T12:55:41.290+0000] {taskmixin.py:205} WARNING - Dependency <Task(_PythonDecoratedOperator): log_sql_query>, print_the_context already registered for DAG: example_python_operator
[2022-10-18T12:55:41.291+0000] {taskmixin.py:205} WARNING - Dependency <Task(_PythonDecoratedOperator): print_the_context>, log_sql_query already registered for DAG: example_python_operator
[2022-10-18T12:55:41.291+0000] {taskmixin.py:205} WARNING - Dependency <Task(_PythonDecoratedOperator): log_sql_query>, print_the_context already registered for DAG: example_python_operator
[2022-10-18T12:55:41.291+0000] {taskmixin.py:205} WARNING - Dependency <Task(_PythonDecoratedOperator): print_the_context>, log_sql_query already registered for DAG: example_python_operator
[2022-10-18T12:55:41.292+0000] {taskmixin.py:205} WARNING - Dependency <Task(_PythonDecoratedOperator): log_sql_query>, print_the_context already registered for DAG: example_python_operator
[2022-10-18T12:55:41.466+0000] {taskmixin.py:205} WARNING - Dependency <Task(_PythonDecoratedOperator): task_group_function.task_1>, task_group_function.task_2 already registered for DAG: example_task_group_decorator
[2022-10-18T12:55:41.466+0000] {taskmixin.py:205} WARNING - Dependency <Task(_PythonDecoratedOperator): task_group_function.task_2>, task_group_function.task_1 already registered for DAG: example_task_group_decorator
[2022-10-18T12:55:41.466+0000] {taskmixin.py:205} WARNING - Dependency <Task(_PythonDecoratedOperator): task_group_function.task_1>, task_group_function.task_2 already registered for DAG: example_task_group_decorator
[2022-10-18T12:55:41.466+0000] {taskmixin.py:205} WARNING - Dependency <Task(_PythonDecoratedOperator): task_group_function.task_2>, task_group_function.task_1 already registered for DAG: example_task_group_decorator
[2022-10-18T12:55:41.466+0000] {taskmixin.py:205} WARNING - Dependency <Task(_PythonDecoratedOperator): task_group_function.task_1>, task_group_function.task_2 already registered for DAG: example_task_group_decorator
[2022-10-18T12:55:41.466+0000] {taskmixin.py:205} WARNING - Dependency <Task(_PythonDecoratedOperator): task_group_function.task_2>, task_group_function.task_1 already registered for DAG: example_task_group_decorator
[2022-10-18T12:55:41.467+0000] {taskmixin.py:205} WARNING - Dependency <Task(_PythonDecoratedOperator): task_group_function.task_1>, task_group_function.task_2 already registered for DAG: example_task_group_decorator
[2022-10-18T12:55:41.467+0000] {taskmixin.py:205} WARNING - Dependency <Task(_PythonDecoratedOperator): task_group_function.task_2>, task_group_function.task_1 already registered for DAG: example_task_group_decorator
[2022-10-18T12:55:41.467+0000] {taskmixin.py:205} WARNING - Dependency <Task(_PythonDecoratedOperator): task_group_function.task_1>, task_group_function.task_2 already registered for DAG: example_task_group_decorator
[2022-10-18T12:55:41.467+0000] {taskmixin.py:205} WARNING - Dependency <Task(_PythonDecoratedOperator): task_group_function.task_2>, task_group_function.task_1 already registered for DAG: example_task_group_decorator
[2022-10-18T12:55:41.470+0000] {taskmixin.py:205} WARNING - Dependency <Task(_PythonDecoratedOperator): task_group_function.task_1>, task_group_function.task_2 already registered for DAG: example_task_group_decorator
[2022-10-18T12:55:41.470+0000] {taskmixin.py:205} WARNING - Dependency <Task(_PythonDecoratedOperator): task_group_function.task_2>, task_group_function.task_1 already registered for DAG: example_task_group_decorator
[2022-10-18T12:55:41.470+0000] {taskmixin.py:205} WARNING - Dependency <Task(_PythonDecoratedOperator): task_group_function.task_2>, task_group_function.task_3 already registered for DAG: example_task_group_decorator
[2022-10-18T12:55:41.470+0000] {taskmixin.py:205} WARNING - Dependency <Task(_PythonDecoratedOperator): task_group_function.task_3>, task_group_function.task_2 already registered for DAG: example_task_group_decorator
[2022-10-18T12:55:41.470+0000] {taskmixin.py:205} WARNING - Dependency <Task(_PythonDecoratedOperator): task_group_function.task_2>, task_group_function.task_3 already registered for DAG: example_task_group_decorator
[2022-10-18T12:55:41.470+0000] {taskmixin.py:205} WARNING - Dependency <Task(_PythonDecoratedOperator): task_group_function.task_3>, task_group_function.task_2 already registered for DAG: example_task_group_decorator
[2022-10-18T12:55:41.471+0000] {taskmixin.py:205} WARNING - Dependency <Task(_PythonDecoratedOperator): task_group_function.task_2>, task_group_function.task_3 already registered for DAG: example_task_group_decorator
[2022-10-18T12:55:41.471+0000] {taskmixin.py:205} WARNING - Dependency <Task(_PythonDecoratedOperator): task_group_function.task_3>, task_group_function.task_2 already registered for DAG: example_task_group_decorator
[2022-10-18T12:55:41.471+0000] {taskmixin.py:205} WARNING - Dependency <Task(_PythonDecoratedOperator): task_group_function.task_2>, task_group_function.task_3 already registered for DAG: example_task_group_decorator
[2022-10-18T12:55:41.471+0000] {taskmixin.py:205} WARNING - Dependency <Task(_PythonDecoratedOperator): task_group_function.task_3>, task_group_function.task_2 already registered for DAG: example_task_group_decorator
[2022-10-18T12:55:41.471+0000] {taskmixin.py:205} WARNING - Dependency <Task(_PythonDecoratedOperator): task_group_function.task_2>, task_group_function.task_3 already registered for DAG: example_task_group_decorator
[2022-10-18T12:55:41.471+0000] {taskmixin.py:205} WARNING - Dependency <Task(_PythonDecoratedOperator): task_group_function.task_3>, task_group_function.task_2 already registered for DAG: example_task_group_decorator
[2022-10-18T12:55:41.471+0000] {taskmixin.py:205} WARNING - Dependency <Task(_PythonDecoratedOperator): task_group_function.task_2>, task_group_function.task_3 already registered for DAG: example_task_group_decorator
[2022-10-18T12:55:41.471+0000] {taskmixin.py:205} WARNING - Dependency <Task(_PythonDecoratedOperator): task_group_function.task_3>, task_group_function.task_2 already registered for DAG: example_task_group_decorator
[2022-10-18T12:55:41.472+0000] {taskmixin.py:205} WARNING - Dependency <Task(_PythonDecoratedOperator): task_group_function__1.task_1>, task_group_function__1.task_2 already registered for DAG: example_task_group_decorator
[2022-10-18T12:55:41.473+0000] {taskmixin.py:205} WARNING - Dependency <Task(_PythonDecoratedOperator): task_group_function__1.task_2>, task_group_function__1.task_1 already registered for DAG: example_task_group_decorator
[2022-10-18T12:55:41.473+0000] {taskmixin.py:205} WARNING - Dependency <Task(_PythonDecoratedOperator): task_group_function__1.task_1>, task_group_function__1.task_2 already registered for DAG: example_task_group_decorator
[2022-10-18T12:55:41.473+0000] {taskmixin.py:205} WARNING - Dependency <Task(_PythonDecoratedOperator): task_group_function__1.task_2>, task_group_function__1.task_1 already registered for DAG: example_task_group_decorator
[2022-10-18T12:55:41.473+0000] {taskmixin.py:205} WARNING - Dependency <Task(_PythonDecoratedOperator): task_group_function__1.task_1>, task_group_function__1.task_2 already registered for DAG: example_task_group_decorator
[2022-10-18T12:55:41.473+0000] {taskmixin.py:205} WARNING - Dependency <Task(_PythonDecoratedOperator): task_group_function__1.task_2>, task_group_function__1.task_1 already registered for DAG: example_task_group_decorator
[2022-10-18T12:55:41.473+0000] {taskmixin.py:205} WARNING - Dependency <Task(_PythonDecoratedOperator): task_group_function__1.task_1>, task_group_function__1.task_2 already registered for DAG: example_task_group_decorator
[2022-10-18T12:55:41.473+0000] {taskmixin.py:205} WARNING - Dependency <Task(_PythonDecoratedOperator): task_group_function__1.task_2>, task_group_function__1.task_1 already registered for DAG: example_task_group_decorator
[2022-10-18T12:55:41.473+0000] {taskmixin.py:205} WARNING - Dependency <Task(_PythonDecoratedOperator): task_group_function__1.task_1>, task_group_function__1.task_2 already registered for DAG: example_task_group_decorator
[2022-10-18T12:55:41.473+0000] {taskmixin.py:205} WARNING - Dependency <Task(_PythonDecoratedOperator): task_group_function__1.task_2>, task_group_function__1.task_1 already registered for DAG: example_task_group_decorator
[2022-10-18T12:55:41.473+0000] {taskmixin.py:205} WARNING - Dependency <Task(_PythonDecoratedOperator): task_group_function__1.task_1>, task_group_function__1.task_2 already registered for DAG: example_task_group_decorator
[2022-10-18T12:55:41.474+0000] {taskmixin.py:205} WARNING - Dependency <Task(_PythonDecoratedOperator): task_group_function__1.task_2>, task_group_function__1.task_1 already registered for DAG: example_task_group_decorator
[2022-10-18T12:55:41.474+0000] {taskmixin.py:205} WARNING - Dependency <Task(_PythonDecoratedOperator): task_group_function__1.task_2>, task_group_function__1.task_3 already registered for DAG: example_task_group_decorator
[2022-10-18T12:55:41.474+0000] {taskmixin.py:205} WARNING - Dependency <Task(_PythonDecoratedOperator): task_group_function__1.task_3>, task_group_function__1.task_2 already registered for DAG: example_task_group_decorator
[2022-10-18T12:55:41.474+0000] {taskmixin.py:205} WARNING - Dependency <Task(_PythonDecoratedOperator): task_group_function__1.task_2>, task_group_function__1.task_3 already registered for DAG: example_task_group_decorator
[2022-10-18T12:55:41.474+0000] {taskmixin.py:205} WARNING - Dependency <Task(_PythonDecoratedOperator): task_group_function__1.task_3>, task_group_function__1.task_2 already registered for DAG: example_task_group_decorator
[2022-10-18T12:55:41.474+0000] {taskmixin.py:205} WARNING - Dependency <Task(_PythonDecoratedOperator): task_group_function__1.task_2>, task_group_function__1.task_3 already registered for DAG: example_task_group_decorator
[2022-10-18T12:55:41.475+0000] {taskmixin.py:205} WARNING - Dependency <Task(_PythonDecoratedOperator): task_group_function__1.task_3>, task_group_function__1.task_2 already registered for DAG: example_task_group_decorator
[2022-10-18T12:55:41.475+0000] {taskmixin.py:205} WARNING - Dependency <Task(_PythonDecoratedOperator): task_group_function__1.task_2>, task_group_function__1.task_3 already registered for DAG: example_task_group_decorator
[2022-10-18T12:55:41.475+0000] {taskmixin.py:205} WARNING - Dependency <Task(_PythonDecoratedOperator): task_group_function__1.task_3>, task_group_function__1.task_2 already registered for DAG: example_task_group_decorator
[2022-10-18T12:55:41.475+0000] {taskmixin.py:205} WARNING - Dependency <Task(_PythonDecoratedOperator): task_group_function__1.task_2>, task_group_function__1.task_3 already registered for DAG: example_task_group_decorator
[2022-10-18T12:55:41.475+0000] {taskmixin.py:205} WARNING - Dependency <Task(_PythonDecoratedOperator): task_group_function__1.task_3>, task_group_function__1.task_2 already registered for DAG: example_task_group_decorator
[2022-10-18T12:55:41.475+0000] {taskmixin.py:205} WARNING - Dependency <Task(_PythonDecoratedOperator): task_group_function__1.task_2>, task_group_function__1.task_3 already registered for DAG: example_task_group_decorator
[2022-10-18T12:55:41.475+0000] {taskmixin.py:205} WARNING - Dependency <Task(_PythonDecoratedOperator): task_group_function__1.task_3>, task_group_function__1.task_2 already registered for DAG: example_task_group_decorator
[2022-10-18T12:55:41.479+0000] {taskmixin.py:205} WARNING - Dependency <Task(_PythonDecoratedOperator): task_group_function__2.task_1>, task_group_function__2.task_2 already registered for DAG: example_task_group_decorator
[2022-10-18T12:55:41.479+0000] {taskmixin.py:205} WARNING - Dependency <Task(_PythonDecoratedOperator): task_group_function__2.task_2>, task_group_function__2.task_1 already registered for DAG: example_task_group_decorator
[2022-10-18T12:55:41.479+0000] {taskmixin.py:205} WARNING - Dependency <Task(_PythonDecoratedOperator): task_group_function__2.task_1>, task_group_function__2.task_2 already registered for DAG: example_task_group_decorator
[2022-10-18T12:55:41.480+0000] {taskmixin.py:205} WARNING - Dependency <Task(_PythonDecoratedOperator): task_group_function__2.task_2>, task_group_function__2.task_1 already registered for DAG: example_task_group_decorator
[2022-10-18T12:55:41.480+0000] {taskmixin.py:205} WARNING - Dependency <Task(_PythonDecoratedOperator): task_group_function__2.task_1>, task_group_function__2.task_2 already registered for DAG: example_task_group_decorator
[2022-10-18T12:55:41.480+0000] {taskmixin.py:205} WARNING - Dependency <Task(_PythonDecoratedOperator): task_group_function__2.task_2>, task_group_function__2.task_1 already registered for DAG: example_task_group_decorator
[2022-10-18T12:55:41.480+0000] {taskmixin.py:205} WARNING - Dependency <Task(_PythonDecoratedOperator): task_group_function__2.task_1>, task_group_function__2.task_2 already registered for DAG: example_task_group_decorator
[2022-10-18T12:55:41.480+0000] {taskmixin.py:205} WARNING - Dependency <Task(_PythonDecoratedOperator): task_group_function__2.task_2>, task_group_function__2.task_1 already registered for DAG: example_task_group_decorator
[2022-10-18T12:55:41.480+0000] {taskmixin.py:205} WARNING - Dependency <Task(_PythonDecoratedOperator): task_group_function__2.task_1>, task_group_function__2.task_2 already registered for DAG: example_task_group_decorator
[2022-10-18T12:55:41.480+0000] {taskmixin.py:205} WARNING - Dependency <Task(_PythonDecoratedOperator): task_group_function__2.task_2>, task_group_function__2.task_1 already registered for DAG: example_task_group_decorator
[2022-10-18T12:55:41.480+0000] {taskmixin.py:205} WARNING - Dependency <Task(_PythonDecoratedOperator): task_group_function__2.task_1>, task_group_function__2.task_2 already registered for DAG: example_task_group_decorator
[2022-10-18T12:55:41.480+0000] {taskmixin.py:205} WARNING - Dependency <Task(_PythonDecoratedOperator): task_group_function__2.task_2>, task_group_function__2.task_1 already registered for DAG: example_task_group_decorator
[2022-10-18T12:55:41.481+0000] {taskmixin.py:205} WARNING - Dependency <Task(_PythonDecoratedOperator): task_group_function__2.task_2>, task_group_function__2.task_3 already registered for DAG: example_task_group_decorator
[2022-10-18T12:55:41.481+0000] {taskmixin.py:205} WARNING - Dependency <Task(_PythonDecoratedOperator): task_group_function__2.task_3>, task_group_function__2.task_2 already registered for DAG: example_task_group_decorator
[2022-10-18T12:55:41.481+0000] {taskmixin.py:205} WARNING - Dependency <Task(_PythonDecoratedOperator): task_group_function__2.task_2>, task_group_function__2.task_3 already registered for DAG: example_task_group_decorator
[2022-10-18T12:55:41.481+0000] {taskmixin.py:205} WARNING - Dependency <Task(_PythonDecoratedOperator): task_group_function__2.task_3>, task_group_function__2.task_2 already registered for DAG: example_task_group_decorator
[2022-10-18T12:55:41.481+0000] {taskmixin.py:205} WARNING - Dependency <Task(_PythonDecoratedOperator): task_group_function__2.task_2>, task_group_function__2.task_3 already registered for DAG: example_task_group_decorator
[2022-10-18T12:55:41.481+0000] {taskmixin.py:205} WARNING - Dependency <Task(_PythonDecoratedOperator): task_group_function__2.task_3>, task_group_function__2.task_2 already registered for DAG: example_task_group_decorator
[2022-10-18T12:55:41.481+0000] {taskmixin.py:205} WARNING - Dependency <Task(_PythonDecoratedOperator): task_group_function__2.task_2>, task_group_function__2.task_3 already registered for DAG: example_task_group_decorator
[2022-10-18T12:55:41.481+0000] {taskmixin.py:205} WARNING - Dependency <Task(_PythonDecoratedOperator): task_group_function__2.task_3>, task_group_function__2.task_2 already registered for DAG: example_task_group_decorator
[2022-10-18T12:55:41.482+0000] {taskmixin.py:205} WARNING - Dependency <Task(_PythonDecoratedOperator): task_group_function__2.task_2>, task_group_function__2.task_3 already registered for DAG: example_task_group_decorator
[2022-10-18T12:55:41.482+0000] {taskmixin.py:205} WARNING - Dependency <Task(_PythonDecoratedOperator): task_group_function__2.task_3>, task_group_function__2.task_2 already registered for DAG: example_task_group_decorator
[2022-10-18T12:55:41.482+0000] {taskmixin.py:205} WARNING - Dependency <Task(_PythonDecoratedOperator): task_group_function__2.task_2>, task_group_function__2.task_3 already registered for DAG: example_task_group_decorator
[2022-10-18T12:55:41.482+0000] {taskmixin.py:205} WARNING - Dependency <Task(_PythonDecoratedOperator): task_group_function__2.task_3>, task_group_function__2.task_2 already registered for DAG: example_task_group_decorator
[2022-10-18T12:55:41.483+0000] {taskmixin.py:205} WARNING - Dependency <Task(_PythonDecoratedOperator): task_group_function__3.task_1>, task_group_function__3.task_2 already registered for DAG: example_task_group_decorator
[2022-10-18T12:55:41.483+0000] {taskmixin.py:205} WARNING - Dependency <Task(_PythonDecoratedOperator): task_group_function__3.task_2>, task_group_function__3.task_1 already registered for DAG: example_task_group_decorator
[2022-10-18T12:55:41.483+0000] {taskmixin.py:205} WARNING - Dependency <Task(_PythonDecoratedOperator): task_group_function__3.task_1>, task_group_function__3.task_2 already registered for DAG: example_task_group_decorator
[2022-10-18T12:55:41.483+0000] {taskmixin.py:205} WARNING - Dependency <Task(_PythonDecoratedOperator): task_group_function__3.task_2>, task_group_function__3.task_1 already registered for DAG: example_task_group_decorator
[2022-10-18T12:55:41.483+0000] {taskmixin.py:205} WARNING - Dependency <Task(_PythonDecoratedOperator): task_group_function__3.task_1>, task_group_function__3.task_2 already registered for DAG: example_task_group_decorator
[2022-10-18T12:55:41.483+0000] {taskmixin.py:205} WARNING - Dependency <Task(_PythonDecoratedOperator): task_group_function__3.task_2>, task_group_function__3.task_1 already registered for DAG: example_task_group_decorator
[2022-10-18T12:55:41.483+0000] {taskmixin.py:205} WARNING - Dependency <Task(_PythonDecoratedOperator): task_group_function__3.task_1>, task_group_function__3.task_2 already registered for DAG: example_task_group_decorator
[2022-10-18T12:55:41.483+0000] {taskmixin.py:205} WARNING - Dependency <Task(_PythonDecoratedOperator): task_group_function__3.task_2>, task_group_function__3.task_1 already registered for DAG: example_task_group_decorator
[2022-10-18T12:55:41.484+0000] {taskmixin.py:205} WARNING - Dependency <Task(_PythonDecoratedOperator): task_group_function__3.task_1>, task_group_function__3.task_2 already registered for DAG: example_task_group_decorator
[2022-10-18T12:55:41.484+0000] {taskmixin.py:205} WARNING - Dependency <Task(_PythonDecoratedOperator): task_group_function__3.task_2>, task_group_function__3.task_1 already registered for DAG: example_task_group_decorator
[2022-10-18T12:55:41.484+0000] {taskmixin.py:205} WARNING - Dependency <Task(_PythonDecoratedOperator): task_group_function__3.task_1>, task_group_function__3.task_2 already registered for DAG: example_task_group_decorator
[2022-10-18T12:55:41.484+0000] {taskmixin.py:205} WARNING - Dependency <Task(_PythonDecoratedOperator): task_group_function__3.task_2>, task_group_function__3.task_1 already registered for DAG: example_task_group_decorator
[2022-10-18T12:55:41.484+0000] {taskmixin.py:205} WARNING - Dependency <Task(_PythonDecoratedOperator): task_group_function__3.task_2>, task_group_function__3.task_3 already registered for DAG: example_task_group_decorator
[2022-10-18T12:55:41.484+0000] {taskmixin.py:205} WARNING - Dependency <Task(_PythonDecoratedOperator): task_group_function__3.task_3>, task_group_function__3.task_2 already registered for DAG: example_task_group_decorator
[2022-10-18T12:55:41.485+0000] {taskmixin.py:205} WARNING - Dependency <Task(_PythonDecoratedOperator): task_group_function__3.task_2>, task_group_function__3.task_3 already registered for DAG: example_task_group_decorator
[2022-10-18T12:55:41.485+0000] {taskmixin.py:205} WARNING - Dependency <Task(_PythonDecoratedOperator): task_group_function__3.task_3>, task_group_function__3.task_2 already registered for DAG: example_task_group_decorator
[2022-10-18T12:55:41.485+0000] {taskmixin.py:205} WARNING - Dependency <Task(_PythonDecoratedOperator): task_group_function__3.task_2>, task_group_function__3.task_3 already registered for DAG: example_task_group_decorator
[2022-10-18T12:55:41.502+0000] {taskmixin.py:205} WARNING - Dependency <Task(_PythonDecoratedOperator): task_group_function__3.task_3>, task_group_function__3.task_2 already registered for DAG: example_task_group_decorator
[2022-10-18T12:55:41.502+0000] {taskmixin.py:205} WARNING - Dependency <Task(_PythonDecoratedOperator): task_group_function__3.task_2>, task_group_function__3.task_3 already registered for DAG: example_task_group_decorator
[2022-10-18T12:55:41.502+0000] {taskmixin.py:205} WARNING - Dependency <Task(_PythonDecoratedOperator): task_group_function__3.task_3>, task_group_function__3.task_2 already registered for DAG: example_task_group_decorator
[2022-10-18T12:55:41.502+0000] {taskmixin.py:205} WARNING - Dependency <Task(_PythonDecoratedOperator): task_group_function__3.task_2>, task_group_function__3.task_3 already registered for DAG: example_task_group_decorator
[2022-10-18T12:55:41.502+0000] {taskmixin.py:205} WARNING - Dependency <Task(_PythonDecoratedOperator): task_group_function__3.task_3>, task_group_function__3.task_2 already registered for DAG: example_task_group_decorator
[2022-10-18T12:55:41.503+0000] {taskmixin.py:205} WARNING - Dependency <Task(_PythonDecoratedOperator): task_group_function__3.task_2>, task_group_function__3.task_3 already registered for DAG: example_task_group_decorator
[2022-10-18T12:55:41.503+0000] {taskmixin.py:205} WARNING - Dependency <Task(_PythonDecoratedOperator): task_group_function__3.task_3>, task_group_function__3.task_2 already registered for DAG: example_task_group_decorator
[2022-10-18T12:55:41.504+0000] {taskmixin.py:205} WARNING - Dependency <Task(_PythonDecoratedOperator): task_group_function__4.task_1>, task_group_function__4.task_2 already registered for DAG: example_task_group_decorator
[2022-10-18T12:55:41.504+0000] {taskmixin.py:205} WARNING - Dependency <Task(_PythonDecoratedOperator): task_group_function__4.task_2>, task_group_function__4.task_1 already registered for DAG: example_task_group_decorator
[2022-10-18T12:55:41.504+0000] {taskmixin.py:205} WARNING - Dependency <Task(_PythonDecoratedOperator): task_group_function__4.task_1>, task_group_function__4.task_2 already registered for DAG: example_task_group_decorator
[2022-10-18T12:55:41.504+0000] {taskmixin.py:205} WARNING - Dependency <Task(_PythonDecoratedOperator): task_group_function__4.task_2>, task_group_function__4.task_1 already registered for DAG: example_task_group_decorator
[2022-10-18T12:55:41.504+0000] {taskmixin.py:205} WARNING - Dependency <Task(_PythonDecoratedOperator): task_group_function__4.task_1>, task_group_function__4.task_2 already registered for DAG: example_task_group_decorator
[2022-10-18T12:55:41.504+0000] {taskmixin.py:205} WARNING - Dependency <Task(_PythonDecoratedOperator): task_group_function__4.task_2>, task_group_function__4.task_1 already registered for DAG: example_task_group_decorator
[2022-10-18T12:55:41.504+0000] {taskmixin.py:205} WARNING - Dependency <Task(_PythonDecoratedOperator): task_group_function__4.task_1>, task_group_function__4.task_2 already registered for DAG: example_task_group_decorator
[2022-10-18T12:55:41.504+0000] {taskmixin.py:205} WARNING - Dependency <Task(_PythonDecoratedOperator): task_group_function__4.task_2>, task_group_function__4.task_1 already registered for DAG: example_task_group_decorator
[2022-10-18T12:55:41.504+0000] {taskmixin.py:205} WARNING - Dependency <Task(_PythonDecoratedOperator): task_group_function__4.task_1>, task_group_function__4.task_2 already registered for DAG: example_task_group_decorator
[2022-10-18T12:55:41.504+0000] {taskmixin.py:205} WARNING - Dependency <Task(_PythonDecoratedOperator): task_group_function__4.task_2>, task_group_function__4.task_1 already registered for DAG: example_task_group_decorator
[2022-10-18T12:55:41.505+0000] {taskmixin.py:205} WARNING - Dependency <Task(_PythonDecoratedOperator): task_group_function__4.task_1>, task_group_function__4.task_2 already registered for DAG: example_task_group_decorator
[2022-10-18T12:55:41.505+0000] {taskmixin.py:205} WARNING - Dependency <Task(_PythonDecoratedOperator): task_group_function__4.task_2>, task_group_function__4.task_1 already registered for DAG: example_task_group_decorator
[2022-10-18T12:55:41.505+0000] {taskmixin.py:205} WARNING - Dependency <Task(_PythonDecoratedOperator): task_group_function__4.task_2>, task_group_function__4.task_3 already registered for DAG: example_task_group_decorator
[2022-10-18T12:55:41.505+0000] {taskmixin.py:205} WARNING - Dependency <Task(_PythonDecoratedOperator): task_group_function__4.task_3>, task_group_function__4.task_2 already registered for DAG: example_task_group_decorator
[2022-10-18T12:55:41.505+0000] {taskmixin.py:205} WARNING - Dependency <Task(_PythonDecoratedOperator): task_group_function__4.task_2>, task_group_function__4.task_3 already registered for DAG: example_task_group_decorator
[2022-10-18T12:55:41.505+0000] {taskmixin.py:205} WARNING - Dependency <Task(_PythonDecoratedOperator): task_group_function__4.task_3>, task_group_function__4.task_2 already registered for DAG: example_task_group_decorator
[2022-10-18T12:55:41.506+0000] {taskmixin.py:205} WARNING - Dependency <Task(_PythonDecoratedOperator): task_group_function__4.task_2>, task_group_function__4.task_3 already registered for DAG: example_task_group_decorator
[2022-10-18T12:55:41.506+0000] {taskmixin.py:205} WARNING - Dependency <Task(_PythonDecoratedOperator): task_group_function__4.task_3>, task_group_function__4.task_2 already registered for DAG: example_task_group_decorator
[2022-10-18T12:55:41.506+0000] {taskmixin.py:205} WARNING - Dependency <Task(_PythonDecoratedOperator): task_group_function__4.task_2>, task_group_function__4.task_3 already registered for DAG: example_task_group_decorator
[2022-10-18T12:55:41.506+0000] {taskmixin.py:205} WARNING - Dependency <Task(_PythonDecoratedOperator): task_group_function__4.task_3>, task_group_function__4.task_2 already registered for DAG: example_task_group_decorator
[2022-10-18T12:55:41.506+0000] {taskmixin.py:205} WARNING - Dependency <Task(_PythonDecoratedOperator): task_group_function__4.task_2>, task_group_function__4.task_3 already registered for DAG: example_task_group_decorator
[2022-10-18T12:55:41.506+0000] {taskmixin.py:205} WARNING - Dependency <Task(_PythonDecoratedOperator): task_group_function__4.task_3>, task_group_function__4.task_2 already registered for DAG: example_task_group_decorator
[2022-10-18T12:55:41.506+0000] {taskmixin.py:205} WARNING - Dependency <Task(_PythonDecoratedOperator): task_group_function__4.task_2>, task_group_function__4.task_3 already registered for DAG: example_task_group_decorator
[2022-10-18T12:55:41.506+0000] {taskmixin.py:205} WARNING - Dependency <Task(_PythonDecoratedOperator): task_group_function__4.task_3>, task_group_function__4.task_2 already registered for DAG: example_task_group_decorator
[2022-10-18T12:55:41.531+0000] {taskmixin.py:205} WARNING - Dependency <Task(_PythonDecoratedOperator): push_by_returning>, puller already registered for DAG: example_xcom
[2022-10-18T12:55:41.531+0000] {taskmixin.py:205} WARNING - Dependency <Task(_PythonDecoratedOperator): puller>, push_by_returning already registered for DAG: example_xcom
[2022-10-18T12:55:41.532+0000] {taskmixin.py:205} WARNING - Dependency <Task(_PythonDecoratedOperator): push_by_returning>, puller already registered for DAG: example_xcom
[2022-10-18T12:55:41.532+0000] {taskmixin.py:205} WARNING - Dependency <Task(_PythonDecoratedOperator): puller>, push_by_returning already registered for DAG: example_xcom
[2022-10-18T12:55:41.532+0000] {taskmixin.py:205} WARNING - Dependency <Task(_PythonDecoratedOperator): push_by_returning>, puller already registered for DAG: example_xcom
[2022-10-18T12:55:41.532+0000] {taskmixin.py:205} WARNING - Dependency <Task(_PythonDecoratedOperator): puller>, push_by_returning already registered for DAG: example_xcom
[2022-10-18T12:55:41.532+0000] {taskmixin.py:205} WARNING - Dependency <Task(_PythonDecoratedOperator): push_by_returning>, puller already registered for DAG: example_xcom
[2022-10-18T12:55:41.532+0000] {taskmixin.py:205} WARNING - Dependency <Task(_PythonDecoratedOperator): puller>, push_by_returning already registered for DAG: example_xcom
[2022-10-18T12:55:41.532+0000] {taskmixin.py:205} WARNING - Dependency <Task(_PythonDecoratedOperator): push_by_returning>, puller already registered for DAG: example_xcom
[2022-10-18T12:55:41.532+0000] {taskmixin.py:205} WARNING - Dependency <Task(_PythonDecoratedOperator): puller>, push_by_returning already registered for DAG: example_xcom
[2022-10-18T12:55:41.532+0000] {taskmixin.py:205} WARNING - Dependency <Task(_PythonDecoratedOperator): push_by_returning>, puller already registered for DAG: example_xcom
[2022-10-18T12:55:41.532+0000] {taskmixin.py:205} WARNING - Dependency <Task(_PythonDecoratedOperator): puller>, push_by_returning already registered for DAG: example_xcom
[2022-10-18T12:55:41.534+0000] {taskmixin.py:205} WARNING - Dependency <Task(_PythonDecoratedOperator): generate_value>, print_value already registered for DAG: example_xcom_args
[2022-10-18T12:55:41.534+0000] {taskmixin.py:205} WARNING - Dependency <Task(_PythonDecoratedOperator): print_value>, generate_value already registered for DAG: example_xcom_args
[2022-10-18T12:55:41.534+0000] {taskmixin.py:205} WARNING - Dependency <Task(_PythonDecoratedOperator): generate_value>, print_value already registered for DAG: example_xcom_args
[2022-10-18T12:55:41.535+0000] {taskmixin.py:205} WARNING - Dependency <Task(_PythonDecoratedOperator): print_value>, generate_value already registered for DAG: example_xcom_args
[2022-10-18T12:55:41.535+0000] {taskmixin.py:205} WARNING - Dependency <Task(_PythonDecoratedOperator): generate_value>, print_value already registered for DAG: example_xcom_args
[2022-10-18T12:55:41.535+0000] {taskmixin.py:205} WARNING - Dependency <Task(_PythonDecoratedOperator): print_value>, generate_value already registered for DAG: example_xcom_args
[2022-10-18T12:55:41.535+0000] {taskmixin.py:205} WARNING - Dependency <Task(_PythonDecoratedOperator): generate_value>, print_value already registered for DAG: example_xcom_args
[2022-10-18T12:55:41.535+0000] {taskmixin.py:205} WARNING - Dependency <Task(_PythonDecoratedOperator): print_value>, generate_value already registered for DAG: example_xcom_args
[2022-10-18T12:55:41.535+0000] {taskmixin.py:205} WARNING - Dependency <Task(_PythonDecoratedOperator): generate_value>, print_value already registered for DAG: example_xcom_args
[2022-10-18T12:55:41.535+0000] {taskmixin.py:205} WARNING - Dependency <Task(_PythonDecoratedOperator): print_value>, generate_value already registered for DAG: example_xcom_args
[2022-10-18T12:55:41.535+0000] {taskmixin.py:205} WARNING - Dependency <Task(_PythonDecoratedOperator): generate_value>, print_value already registered for DAG: example_xcom_args
[2022-10-18T12:55:41.535+0000] {taskmixin.py:205} WARNING - Dependency <Task(_PythonDecoratedOperator): print_value>, generate_value already registered for DAG: example_xcom_args
[2022-10-18T12:55:41.545+0000] {taskmixin.py:205} WARNING - Dependency <Task(_PythonDecoratedOperator): extract>, transform already registered for DAG: tutorial_taskflow_api
[2022-10-18T12:55:41.546+0000] {taskmixin.py:205} WARNING - Dependency <Task(_PythonDecoratedOperator): transform>, extract already registered for DAG: tutorial_taskflow_api
[2022-10-18T12:55:41.546+0000] {taskmixin.py:205} WARNING - Dependency <Task(_PythonDecoratedOperator): extract>, transform already registered for DAG: tutorial_taskflow_api
[2022-10-18T12:55:41.546+0000] {taskmixin.py:205} WARNING - Dependency <Task(_PythonDecoratedOperator): transform>, extract already registered for DAG: tutorial_taskflow_api
[2022-10-18T12:55:41.546+0000] {taskmixin.py:205} WARNING - Dependency <Task(_PythonDecoratedOperator): extract>, transform already registered for DAG: tutorial_taskflow_api
[2022-10-18T12:55:41.546+0000] {taskmixin.py:205} WARNING - Dependency <Task(_PythonDecoratedOperator): transform>, extract already registered for DAG: tutorial_taskflow_api
[2022-10-18T12:55:41.546+0000] {taskmixin.py:205} WARNING - Dependency <Task(_PythonDecoratedOperator): extract>, transform already registered for DAG: tutorial_taskflow_api
[2022-10-18T12:55:41.546+0000] {taskmixin.py:205} WARNING - Dependency <Task(_PythonDecoratedOperator): transform>, extract already registered for DAG: tutorial_taskflow_api
[2022-10-18T12:55:41.546+0000] {taskmixin.py:205} WARNING - Dependency <Task(_PythonDecoratedOperator): extract>, transform already registered for DAG: tutorial_taskflow_api
[2022-10-18T12:55:41.547+0000] {taskmixin.py:205} WARNING - Dependency <Task(_PythonDecoratedOperator): transform>, extract already registered for DAG: tutorial_taskflow_api
[2022-10-18T12:55:41.547+0000] {taskmixin.py:205} WARNING - Dependency <Task(_PythonDecoratedOperator): extract>, transform already registered for DAG: tutorial_taskflow_api
[2022-10-18T12:55:41.547+0000] {taskmixin.py:205} WARNING - Dependency <Task(_PythonDecoratedOperator): transform>, extract already registered for DAG: tutorial_taskflow_api
[2022-10-18T12:55:41.547+0000] {taskmixin.py:205} WARNING - Dependency <Task(_PythonDecoratedOperator): transform>, load already registered for DAG: tutorial_taskflow_api
[2022-10-18T12:55:41.547+0000] {taskmixin.py:205} WARNING - Dependency <Task(_PythonDecoratedOperator): load>, transform already registered for DAG: tutorial_taskflow_api
[2022-10-18T12:55:41.547+0000] {taskmixin.py:205} WARNING - Dependency <Task(_PythonDecoratedOperator): transform>, load already registered for DAG: tutorial_taskflow_api
[2022-10-18T12:55:41.548+0000] {taskmixin.py:205} WARNING - Dependency <Task(_PythonDecoratedOperator): load>, transform already registered for DAG: tutorial_taskflow_api
[2022-10-18T12:55:41.548+0000] {taskmixin.py:205} WARNING - Dependency <Task(_PythonDecoratedOperator): transform>, load already registered for DAG: tutorial_taskflow_api
[2022-10-18T12:55:41.548+0000] {taskmixin.py:205} WARNING - Dependency <Task(_PythonDecoratedOperator): load>, transform already registered for DAG: tutorial_taskflow_api
[2022-10-18T12:55:41.557+0000] {taskmixin.py:205} WARNING - Dependency <Task(_PythonDecoratedOperator): transform>, load already registered for DAG: tutorial_taskflow_api
[2022-10-18T12:55:41.557+0000] {taskmixin.py:205} WARNING - Dependency <Task(_PythonDecoratedOperator): load>, transform already registered for DAG: tutorial_taskflow_api
[2022-10-18T12:55:41.557+0000] {taskmixin.py:205} WARNING - Dependency <Task(_PythonDecoratedOperator): transform>, load already registered for DAG: tutorial_taskflow_api
[2022-10-18T12:55:41.557+0000] {taskmixin.py:205} WARNING - Dependency <Task(_PythonDecoratedOperator): load>, transform already registered for DAG: tutorial_taskflow_api
[2022-10-18T12:55:41.558+0000] {taskmixin.py:205} WARNING - Dependency <Task(_PythonDecoratedOperator): transform>, load already registered for DAG: tutorial_taskflow_api
[2022-10-18T12:55:41.558+0000] {taskmixin.py:205} WARNING - Dependency <Task(_PythonDecoratedOperator): load>, transform already registered for DAG: tutorial_taskflow_api
[2022-10-18T12:55:41.564+0000] {taskmixin.py:205} WARNING - Dependency <Task(_PythonVirtualenvDecoratedOperator): extract>, transform already registered for DAG: tutorial_taskflow_api_virtualenv
[2022-10-18T12:55:41.564+0000] {taskmixin.py:205} WARNING - Dependency <Task(_PythonDecoratedOperator): transform>, extract already registered for DAG: tutorial_taskflow_api_virtualenv
[2022-10-18T12:55:41.564+0000] {taskmixin.py:205} WARNING - Dependency <Task(_PythonVirtualenvDecoratedOperator): extract>, transform already registered for DAG: tutorial_taskflow_api_virtualenv
[2022-10-18T12:55:41.564+0000] {taskmixin.py:205} WARNING - Dependency <Task(_PythonDecoratedOperator): transform>, extract already registered for DAG: tutorial_taskflow_api_virtualenv
[2022-10-18T12:55:41.565+0000] {taskmixin.py:205} WARNING - Dependency <Task(_PythonVirtualenvDecoratedOperator): extract>, transform already registered for DAG: tutorial_taskflow_api_virtualenv
[2022-10-18T12:55:41.565+0000] {taskmixin.py:205} WARNING - Dependency <Task(_PythonDecoratedOperator): transform>, extract already registered for DAG: tutorial_taskflow_api_virtualenv
[2022-10-18T12:55:41.565+0000] {taskmixin.py:205} WARNING - Dependency <Task(_PythonVirtualenvDecoratedOperator): extract>, transform already registered for DAG: tutorial_taskflow_api_virtualenv
[2022-10-18T12:55:41.565+0000] {taskmixin.py:205} WARNING - Dependency <Task(_PythonDecoratedOperator): transform>, extract already registered for DAG: tutorial_taskflow_api_virtualenv
[2022-10-18T12:55:41.565+0000] {taskmixin.py:205} WARNING - Dependency <Task(_PythonVirtualenvDecoratedOperator): extract>, transform already registered for DAG: tutorial_taskflow_api_virtualenv
[2022-10-18T12:55:41.565+0000] {taskmixin.py:205} WARNING - Dependency <Task(_PythonDecoratedOperator): transform>, extract already registered for DAG: tutorial_taskflow_api_virtualenv
[2022-10-18T12:55:41.565+0000] {taskmixin.py:205} WARNING - Dependency <Task(_PythonVirtualenvDecoratedOperator): extract>, transform already registered for DAG: tutorial_taskflow_api_virtualenv
[2022-10-18T12:55:41.565+0000] {taskmixin.py:205} WARNING - Dependency <Task(_PythonDecoratedOperator): transform>, extract already registered for DAG: tutorial_taskflow_api_virtualenv
[2022-10-18T12:55:41.566+0000] {taskmixin.py:205} WARNING - Dependency <Task(_PythonDecoratedOperator): transform>, load already registered for DAG: tutorial_taskflow_api_virtualenv
[2022-10-18T12:55:41.566+0000] {taskmixin.py:205} WARNING - Dependency <Task(_PythonDecoratedOperator): load>, transform already registered for DAG: tutorial_taskflow_api_virtualenv
[2022-10-18T12:55:41.566+0000] {taskmixin.py:205} WARNING - Dependency <Task(_PythonDecoratedOperator): transform>, load already registered for DAG: tutorial_taskflow_api_virtualenv
[2022-10-18T12:55:41.566+0000] {taskmixin.py:205} WARNING - Dependency <Task(_PythonDecoratedOperator): load>, transform already registered for DAG: tutorial_taskflow_api_virtualenv
[2022-10-18T12:55:41.566+0000] {taskmixin.py:205} WARNING - Dependency <Task(_PythonDecoratedOperator): transform>, load already registered for DAG: tutorial_taskflow_api_virtualenv
[2022-10-18T12:55:41.566+0000] {taskmixin.py:205} WARNING - Dependency <Task(_PythonDecoratedOperator): load>, transform already registered for DAG: tutorial_taskflow_api_virtualenv
[2022-10-18T12:55:41.566+0000] {taskmixin.py:205} WARNING - Dependency <Task(_PythonDecoratedOperator): transform>, load already registered for DAG: tutorial_taskflow_api_virtualenv
[2022-10-18T12:55:41.566+0000] {taskmixin.py:205} WARNING - Dependency <Task(_PythonDecoratedOperator): load>, transform already registered for DAG: tutorial_taskflow_api_virtualenv
[2022-10-18T12:55:41.566+0000] {taskmixin.py:205} WARNING - Dependency <Task(_PythonDecoratedOperator): transform>, load already registered for DAG: tutorial_taskflow_api_virtualenv
[2022-10-18T12:55:41.567+0000] {taskmixin.py:205} WARNING - Dependency <Task(_PythonDecoratedOperator): load>, transform already registered for DAG: tutorial_taskflow_api_virtualenv
[2022-10-18T12:55:41.567+0000] {taskmixin.py:205} WARNING - Dependency <Task(_PythonDecoratedOperator): transform>, load already registered for DAG: tutorial_taskflow_api_virtualenv
[2022-10-18T12:55:41.567+0000] {taskmixin.py:205} WARNING - Dependency <Task(_PythonDecoratedOperator): load>, transform already registered for DAG: tutorial_taskflow_api_virtualenv
[2022-10-18T12:55:42.008+0000] {task_command.py:384} INFO - Running <TaskInstance: workflowscheduler.retrieveExperimentToExecute manual__2022-10-18T12:55:30.819643+00:00 [running]> on host ai-vm1.novalocal
[2022-10-18T12:55:42.298+0000] {taskinstance.py:1592} INFO - Exporting the following env vars:
AIRFLOW_CTX_DAG_OWNER=airflow
AIRFLOW_CTX_DAG_ID=workflowscheduler
AIRFLOW_CTX_TASK_ID=retrieveExperimentToExecute
AIRFLOW_CTX_EXECUTION_DATE=2022-10-18T12:55:30.819643+00:00
AIRFLOW_CTX_TRY_NUMBER=1
AIRFLOW_CTX_DAG_RUN_ID=manual__2022-10-18T12:55:30.819643+00:00
[2022-10-18T12:55:42.397+0000] {python.py:177} INFO - Done. Returned value was: None
[2022-10-18T12:55:42.505+0000] {taskinstance.py:1406} INFO - Marking task as SUCCESS. dag_id=workflowscheduler, task_id=retrieveExperimentToExecute, execution_date=20221018T125530, start_date=20221018T125539, end_date=20221018T125542
[2022-10-18T12:55:42.637+0000] {local_task_job.py:164} INFO - Task exited with return code 0
[2022-10-18T12:55:42.752+0000] {local_task_job.py:273} INFO - 1 downstream tasks scheduled from follow-on schedule check
